
2019/04/18 10:59:56 Error 1062: Duplicate entry '' for key 'email'
2019/04/18 11:59:28 dial tcp :0: connectex: The requested address is not valid in its context.
2019/04/18 12:37:41 Error 1062: Duplicate entry '' for key 'email'
2019/04/18 19:59:12 record not found
2019/04/18 19:59:12 record not found
2019/04/18 19:59:12 Error 1062: Duplicate entry '' for key 'email'
2019/04/18 20:12:34 record not found
2019/04/18 20:14:07 record not found
2019/04/18 20:14:11 record not found
2019/04/18 20:19:11 record not found
2019/04/18 20:21:24 record not found
2019/04/18 20:28:02 record not found
2019/04/18 20:29:56 record not found
2019/04/18 20:31:48 record not found
2019/04/18 20:32:13 record not found
2019/04/18 20:34:39 Error 1062: Duplicate entry '' for key 'email'
2019/04/18 21:06:37 Error 1054: Unknown column 'zh' in 'field list'
2019/04/18 21:08:39 Error 1054: Unknown column 'zh' in 'field list'
2019/04/20 20:35:52 48 模板参数总长度超过限制 模板中使用的参数总长度为19，请勿超过10 <nil>
2019/04/20 20:37:29 Error 1062: Duplicate entry '17785347524' for key 'phone'
2019/04/20 20:37:39 Error 1062: Duplicate entry '17785347524' for key 'phone'
2019/04/20 23:02:16 Error 1062: Duplicate entry '17785347524' for key 'phone'
2019/04/20 23:02:42 Error 1452: Cannot add or update a child row: a foreign key constraint fails (`share_books`.`verification_codes_tb`, CONSTRAINT `verification_codes_tb_ibfk_1` FOREIGN KEY (`phone`) REFERENCES `users_tb` (`mobile`))
2019/04/20 23:03:50 Error 1452: Cannot add or update a child row: a foreign key constraint fails (`share_books`.`verification_codes_tb`, CONSTRAINT `verification_codes_tb_ibfk_1` FOREIGN KEY (`phone`) REFERENCES `users_tb` (`mobile`))
2019/04/21 11:13:13 Error 1452: Cannot add or update a child row: a foreign key constraint fails (`share_books`.`verification_codes_tb`, CONSTRAINT `verification_codes_tb_ibfk_1` FOREIGN KEY (`phone`) REFERENCES `users_tb` (`mobile`))
